{
  "C:\\xampp\\htdocs\\html\\ligadata-test\\src\\_components\\PrivateRoute.js": {
    "path": "C:\\xampp\\htdocs\\html\\ligadata-test\\src\\_components\\PrivateRoute.js",
    "statementMap": {
      "0": {
        "start": {
          "line": 5,
          "column": 4
        },
        "end": {
          "line": 15,
          "column": 6
        }
      },
      "1": {
        "start": {
          "line": 7,
          "column": 12
        },
        "end": {
          "line": 10,
          "column": 13
        }
      },
      "2": {
        "start": {
          "line": 9,
          "column": 16
        },
        "end": {
          "line": 9,
          "column": 96
        }
      },
      "3": {
        "start": {
          "line": 13,
          "column": 12
        },
        "end": {
          "line": 13,
          "column": 43
        }
      }
    },
    "fnMap": {
      "0": {
        "name": "PrivateRoute",
        "decl": {
          "start": {
            "line": 4,
            "column": 9
          },
          "end": {
            "line": 4,
            "column": 21
          }
        },
        "loc": {
          "start": {
            "line": 4,
            "column": 64
          },
          "end": {
            "line": 16,
            "column": 1
          }
        },
        "line": 4
      },
      "1": {
        "name": "(anonymous_1)",
        "decl": {
          "start": {
            "line": 6,
            "column": 33
          },
          "end": {
            "line": 6,
            "column": 34
          }
        },
        "loc": {
          "start": {
            "line": 6,
            "column": 42
          },
          "end": {
            "line": 14,
            "column": 9
          }
        },
        "line": 6
      }
    },
    "branchMap": {
      "0": {
        "loc": {
          "start": {
            "line": 7,
            "column": 12
          },
          "end": {
            "line": 10,
            "column": 13
          }
        },
        "type": "if",
        "locations": [
          {
            "start": {
              "line": 7,
              "column": 12
            },
            "end": {
              "line": 10,
              "column": 13
            }
          },
          {
            "start": {
              "line": 7,
              "column": 12
            },
            "end": {
              "line": 10,
              "column": 13
            }
          }
        ],
        "line": 7
      }
    },
    "s": {
      "0": 2,
      "1": 2,
      "2": 2,
      "3": 0
    },
    "f": {
      "0": 2,
      "1": 2
    },
    "b": {
      "0": [
        2,
        0
      ]
    },
    "_coverageSchema": "1a1c01bbd47fc00a2c39e90264f33305004495a9",
    "hash": "4e8c5bfd9961876c84ee6464bb4aba68c81571af"
  },
  "C:\\xampp\\htdocs\\html\\ligadata-test\\src\\_constants\\alert.constants.js": {
    "path": "C:\\xampp\\htdocs\\html\\ligadata-test\\src\\_constants\\alert.constants.js",
    "statementMap": {
      "0": {
        "start": {
          "line": 1,
          "column": 30
        },
        "end": {
          "line": 5,
          "column": 1
        }
      }
    },
    "fnMap": {},
    "branchMap": {},
    "s": {
      "0": 2
    },
    "f": {},
    "b": {},
    "_coverageSchema": "1a1c01bbd47fc00a2c39e90264f33305004495a9",
    "hash": "3b0c5a97954655a2a4bc1f4ffb573d96bb008d5a"
  },
  "C:\\xampp\\htdocs\\html\\ligadata-test\\src\\_constants\\user.constants.js": {
    "path": "C:\\xampp\\htdocs\\html\\ligadata-test\\src\\_constants\\user.constants.js",
    "statementMap": {
      "0": {
        "start": {
          "line": 1,
          "column": 29
        },
        "end": {
          "line": 19,
          "column": 1
        }
      }
    },
    "fnMap": {},
    "branchMap": {},
    "s": {
      "0": 2
    },
    "f": {},
    "b": {},
    "_coverageSchema": "1a1c01bbd47fc00a2c39e90264f33305004495a9",
    "hash": "4f1af83cc0ccf323a43f2315ae90c0d219d9cb27"
  },
  "C:\\xampp\\htdocs\\html\\ligadata-test\\src\\_constants\\article.constants.js": {
    "path": "C:\\xampp\\htdocs\\html\\ligadata-test\\src\\_constants\\article.constants.js",
    "statementMap": {
      "0": {
        "start": {
          "line": 1,
          "column": 32
        },
        "end": {
          "line": 25,
          "column": 1
        }
      }
    },
    "fnMap": {},
    "branchMap": {},
    "s": {
      "0": 2
    },
    "f": {},
    "b": {},
    "_coverageSchema": "1a1c01bbd47fc00a2c39e90264f33305004495a9",
    "hash": "f2cebfe7220bef3e69ad6e89d66d712ebfa021b8"
  },
  "C:\\xampp\\htdocs\\html\\ligadata-test\\src\\_constants\\index.js": {
    "path": "C:\\xampp\\htdocs\\html\\ligadata-test\\src\\_constants\\index.js",
    "statementMap": {},
    "fnMap": {},
    "branchMap": {},
    "s": {},
    "f": {},
    "b": {},
    "_coverageSchema": "1a1c01bbd47fc00a2c39e90264f33305004495a9",
    "hash": "acf44dd22af4858d5087c0f18dcd6a3b27bdf3c4"
  },
  "C:\\xampp\\htdocs\\html\\ligadata-test\\src\\_actions\\alert.actions.js": {
    "path": "C:\\xampp\\htdocs\\html\\ligadata-test\\src\\_actions\\alert.actions.js",
    "statementMap": {
      "0": {
        "start": {
          "line": 3,
          "column": 28
        },
        "end": {
          "line": 7,
          "column": 1
        }
      },
      "1": {
        "start": {
          "line": 10,
          "column": 4
        },
        "end": {
          "line": 10,
          "column": 53
        }
      },
      "2": {
        "start": {
          "line": 14,
          "column": 4
        },
        "end": {
          "line": 14,
          "column": 51
        }
      },
      "3": {
        "start": {
          "line": 18,
          "column": 4
        },
        "end": {
          "line": 18,
          "column": 42
        }
      }
    },
    "fnMap": {
      "0": {
        "name": "success",
        "decl": {
          "start": {
            "line": 9,
            "column": 9
          },
          "end": {
            "line": 9,
            "column": 16
          }
        },
        "loc": {
          "start": {
            "line": 9,
            "column": 26
          },
          "end": {
            "line": 11,
            "column": 1
          }
        },
        "line": 9
      },
      "1": {
        "name": "error",
        "decl": {
          "start": {
            "line": 13,
            "column": 9
          },
          "end": {
            "line": 13,
            "column": 14
          }
        },
        "loc": {
          "start": {
            "line": 13,
            "column": 24
          },
          "end": {
            "line": 15,
            "column": 1
          }
        },
        "line": 13
      },
      "2": {
        "name": "clear",
        "decl": {
          "start": {
            "line": 17,
            "column": 9
          },
          "end": {
            "line": 17,
            "column": 14
          }
        },
        "loc": {
          "start": {
            "line": 17,
            "column": 17
          },
          "end": {
            "line": 19,
            "column": 1
          }
        },
        "line": 17
      }
    },
    "branchMap": {},
    "s": {
      "0": 2,
      "1": 2,
      "2": 2,
      "3": 6
    },
    "f": {
      "0": 2,
      "1": 2,
      "2": 6
    },
    "b": {},
    "_coverageSchema": "1a1c01bbd47fc00a2c39e90264f33305004495a9",
    "hash": "20c89ff3d0df08751eaa7e4190a55abe518d9bf7"
  },
  "C:\\xampp\\htdocs\\html\\ligadata-test\\src\\_helpers\\fake-backend.js": {
    "path": "C:\\xampp\\htdocs\\html\\ligadata-test\\src\\_helpers\\fake-backend.js",
    "statementMap": {
      "0": {
        "start": {
          "line": 2,
          "column": 12
        },
        "end": {
          "line": 2,
          "column": 59
        }
      },
      "1": {
        "start": {
          "line": 3,
          "column": 15
        },
        "end": {
          "line": 3,
          "column": 65
        }
      },
      "2": {
        "start": {
          "line": 6,
          "column": 20
        },
        "end": {
          "line": 6,
          "column": 32
        }
      },
      "3": {
        "start": {
          "line": 7,
          "column": 4
        },
        "end": {
          "line": 171,
          "column": 5
        }
      },
      "4": {
        "start": {
          "line": 8,
          "column": 36
        },
        "end": {
          "line": 8,
          "column": 40
        }
      },
      "5": {
        "start": {
          "line": 9,
          "column": 21
        },
        "end": {
          "line": 9,
          "column": 55
        }
      },
      "6": {
        "start": {
          "line": 11,
          "column": 8
        },
        "end": {
          "line": 170,
          "column": 11
        }
      },
      "7": {
        "start": {
          "line": 13,
          "column": 12
        },
        "end": {
          "line": 13,
          "column": 41
        }
      },
      "8": {
        "start": {
          "line": 16,
          "column": 16
        },
        "end": {
          "line": 40,
          "column": 17
        }
      },
      "9": {
        "start": {
          "line": 18,
          "column": 24
        },
        "end": {
          "line": 18,
          "column": 46
        }
      },
      "10": {
        "start": {
          "line": 20,
          "column": 24
        },
        "end": {
          "line": 20,
          "column": 42
        }
      },
      "11": {
        "start": {
          "line": 22,
          "column": 24
        },
        "end": {
          "line": 22,
          "column": 42
        }
      },
      "12": {
        "start": {
          "line": 24,
          "column": 24
        },
        "end": {
          "line": 24,
          "column": 44
        }
      },
      "13": {
        "start": {
          "line": 26,
          "column": 24
        },
        "end": {
          "line": 26,
          "column": 44
        }
      },
      "14": {
        "start": {
          "line": 28,
          "column": 24
        },
        "end": {
          "line": 28,
          "column": 45
        }
      },
      "15": {
        "start": {
          "line": 30,
          "column": 24
        },
        "end": {
          "line": 30,
          "column": 47
        }
      },
      "16": {
        "start": {
          "line": 32,
          "column": 24
        },
        "end": {
          "line": 32,
          "column": 48
        }
      },
      "17": {
        "start": {
          "line": 34,
          "column": 24
        },
        "end": {
          "line": 34,
          "column": 47
        }
      },
      "18": {
        "start": {
          "line": 37,
          "column": 24
        },
        "end": {
          "line": 39,
          "column": 59
        }
      },
      "19": {
        "start": {
          "line": 38,
          "column": 46
        },
        "end": {
          "line": 38,
          "column": 63
        }
      },
      "20": {
        "start": {
          "line": 39,
          "column": 44
        },
        "end": {
          "line": 39,
          "column": 57
        }
      },
      "21": {
        "start": {
          "line": 46,
          "column": 47
        },
        "end": {
          "line": 46,
          "column": 51
        }
      },
      "22": {
        "start": {
          "line": 47,
          "column": 29
        },
        "end": {
          "line": 47,
          "column": 96
        }
      },
      "23": {
        "start": {
          "line": 47,
          "column": 45
        },
        "end": {
          "line": 47,
          "column": 95
        }
      },
      "24": {
        "start": {
          "line": 48,
          "column": 16
        },
        "end": {
          "line": 48,
          "column": 77
        }
      },
      "25": {
        "start": {
          "line": 48,
          "column": 27
        },
        "end": {
          "line": 48,
          "column": 77
        }
      },
      "26": {
        "start": {
          "line": 49,
          "column": 16
        },
        "end": {
          "line": 55,
          "column": 19
        }
      },
      "27": {
        "start": {
          "line": 59,
          "column": 29
        },
        "end": {
          "line": 59,
          "column": 33
        }
      },
      "28": {
        "start": {
          "line": 61,
          "column": 16
        },
        "end": {
          "line": 63,
          "column": 17
        }
      },
      "29": {
        "start": {
          "line": 61,
          "column": 36
        },
        "end": {
          "line": 61,
          "column": 64
        }
      },
      "30": {
        "start": {
          "line": 62,
          "column": 20
        },
        "end": {
          "line": 62,
          "column": 80
        }
      },
      "31": {
        "start": {
          "line": 66,
          "column": 16
        },
        "end": {
          "line": 66,
          "column": 83
        }
      },
      "32": {
        "start": {
          "line": 66,
          "column": 68
        },
        "end": {
          "line": 66,
          "column": 72
        }
      },
      "33": {
        "start": {
          "line": 67,
          "column": 16
        },
        "end": {
          "line": 67,
          "column": 33
        }
      },
      "34": {
        "start": {
          "line": 68,
          "column": 16
        },
        "end": {
          "line": 68,
          "column": 69
        }
      },
      "35": {
        "start": {
          "line": 70,
          "column": 16
        },
        "end": {
          "line": 70,
          "column": 28
        }
      },
      "36": {
        "start": {
          "line": 74,
          "column": 16
        },
        "end": {
          "line": 74,
          "column": 57
        }
      },
      "37": {
        "start": {
          "line": 74,
          "column": 35
        },
        "end": {
          "line": 74,
          "column": 57
        }
      },
      "38": {
        "start": {
          "line": 76,
          "column": 16
        },
        "end": {
          "line": 76,
          "column": 33
        }
      },
      "39": {
        "start": {
          "line": 80,
          "column": 16
        },
        "end": {
          "line": 80,
          "column": 57
        }
      },
      "40": {
        "start": {
          "line": 80,
          "column": 35
        },
        "end": {
          "line": 80,
          "column": 57
        }
      },
      "41": {
        "start": {
          "line": 82,
          "column": 16
        },
        "end": {
          "line": 82,
          "column": 64
        }
      },
      "42": {
        "start": {
          "line": 82,
          "column": 42
        },
        "end": {
          "line": 82,
          "column": 62
        }
      },
      "43": {
        "start": {
          "line": 83,
          "column": 16
        },
        "end": {
          "line": 83,
          "column": 69
        }
      },
      "44": {
        "start": {
          "line": 84,
          "column": 16
        },
        "end": {
          "line": 84,
          "column": 28
        }
      },
      "45": {
        "start": {
          "line": 90,
          "column": 29
        },
        "end": {
          "line": 90,
          "column": 33
        }
      },
      "46": {
        "start": {
          "line": 97,
          "column": 16
        },
        "end": {
          "line": 97,
          "column": 89
        }
      },
      "47": {
        "start": {
          "line": 97,
          "column": 74
        },
        "end": {
          "line": 97,
          "column": 78
        }
      },
      "48": {
        "start": {
          "line": 98,
          "column": 16
        },
        "end": {
          "line": 98,
          "column": 36
        }
      },
      "49": {
        "start": {
          "line": 99,
          "column": 16
        },
        "end": {
          "line": 99,
          "column": 75
        }
      },
      "50": {
        "start": {
          "line": 101,
          "column": 16
        },
        "end": {
          "line": 101,
          "column": 28
        }
      },
      "51": {
        "start": {
          "line": 105,
          "column": 29
        },
        "end": {
          "line": 105,
          "column": 33
        }
      },
      "52": {
        "start": {
          "line": 106,
          "column": 16
        },
        "end": {
          "line": 106,
          "column": 72
        }
      },
      "53": {
        "start": {
          "line": 107,
          "column": 16
        },
        "end": {
          "line": 107,
          "column": 70
        }
      },
      "54": {
        "start": {
          "line": 107,
          "column": 47
        },
        "end": {
          "line": 107,
          "column": 67
        }
      },
      "55": {
        "start": {
          "line": 109,
          "column": 16
        },
        "end": {
          "line": 109,
          "column": 75
        }
      },
      "56": {
        "start": {
          "line": 109,
          "column": 52
        },
        "end": {
          "line": 109,
          "column": 72
        }
      },
      "57": {
        "start": {
          "line": 110,
          "column": 30
        },
        "end": {
          "line": 110,
          "column": 75
        }
      },
      "58": {
        "start": {
          "line": 110,
          "column": 54
        },
        "end": {
          "line": 110,
          "column": 74
        }
      },
      "59": {
        "start": {
          "line": 111,
          "column": 16
        },
        "end": {
          "line": 113,
          "column": 17
        }
      },
      "60": {
        "start": {
          "line": 111,
          "column": 39
        },
        "end": {
          "line": 111,
          "column": 59
        }
      },
      "61": {
        "start": {
          "line": 112,
          "column": 20
        },
        "end": {
          "line": 112,
          "column": 43
        }
      },
      "62": {
        "start": {
          "line": 118,
          "column": 16
        },
        "end": {
          "line": 118,
          "column": 75
        }
      },
      "63": {
        "start": {
          "line": 120,
          "column": 16
        },
        "end": {
          "line": 120,
          "column": 36
        }
      },
      "64": {
        "start": {
          "line": 124,
          "column": 16
        },
        "end": {
          "line": 124,
          "column": 57
        }
      },
      "65": {
        "start": {
          "line": 124,
          "column": 35
        },
        "end": {
          "line": 124,
          "column": 57
        }
      },
      "66": {
        "start": {
          "line": 126,
          "column": 16
        },
        "end": {
          "line": 126,
          "column": 36
        }
      },
      "67": {
        "start": {
          "line": 130,
          "column": 16
        },
        "end": {
          "line": 130,
          "column": 57
        }
      },
      "68": {
        "start": {
          "line": 130,
          "column": 35
        },
        "end": {
          "line": 130,
          "column": 57
        }
      },
      "69": {
        "start": {
          "line": 131,
          "column": 30
        },
        "end": {
          "line": 131,
          "column": 72
        }
      },
      "70": {
        "start": {
          "line": 131,
          "column": 51
        },
        "end": {
          "line": 131,
          "column": 71
        }
      },
      "71": {
        "start": {
          "line": 132,
          "column": 16
        },
        "end": {
          "line": 132,
          "column": 95
        }
      },
      "72": {
        "start": {
          "line": 132,
          "column": 48
        },
        "end": {
          "line": 132,
          "column": 91
        }
      },
      "73": {
        "start": {
          "line": 137,
          "column": 16
        },
        "end": {
          "line": 137,
          "column": 57
        }
      },
      "74": {
        "start": {
          "line": 137,
          "column": 35
        },
        "end": {
          "line": 137,
          "column": 57
        }
      },
      "75": {
        "start": {
          "line": 139,
          "column": 16
        },
        "end": {
          "line": 139,
          "column": 70
        }
      },
      "76": {
        "start": {
          "line": 139,
          "column": 48
        },
        "end": {
          "line": 139,
          "column": 68
        }
      },
      "77": {
        "start": {
          "line": 140,
          "column": 16
        },
        "end": {
          "line": 140,
          "column": 41
        }
      },
      "78": {
        "start": {
          "line": 141,
          "column": 16
        },
        "end": {
          "line": 141,
          "column": 38
        }
      },
      "79": {
        "start": {
          "line": 142,
          "column": 16
        },
        "end": {
          "line": 142,
          "column": 75
        }
      },
      "80": {
        "start": {
          "line": 143,
          "column": 16
        },
        "end": {
          "line": 143,
          "column": 36
        }
      },
      "81": {
        "start": {
          "line": 151,
          "column": 16
        },
        "end": {
          "line": 151,
          "column": 89
        }
      },
      "82": {
        "start": {
          "line": 151,
          "column": 48
        },
        "end": {
          "line": 151,
          "column": 85
        }
      },
      "83": {
        "start": {
          "line": 155,
          "column": 16
        },
        "end": {
          "line": 155,
          "column": 115
        }
      },
      "84": {
        "start": {
          "line": 155,
          "column": 51
        },
        "end": {
          "line": 155,
          "column": 111
        }
      },
      "85": {
        "start": {
          "line": 159,
          "column": 16
        },
        "end": {
          "line": 159,
          "column": 99
        }
      },
      "86": {
        "start": {
          "line": 159,
          "column": 51
        },
        "end": {
          "line": 159,
          "column": 95
        }
      },
      "87": {
        "start": {
          "line": 163,
          "column": 16
        },
        "end": {
          "line": 163,
          "column": 76
        }
      },
      "88": {
        "start": {
          "line": 167,
          "column": 33
        },
        "end": {
          "line": 167,
          "column": 47
        }
      },
      "89": {
        "start": {
          "line": 168,
          "column": 16
        },
        "end": {
          "line": 168,
          "column": 63
        }
      }
    },
    "fnMap": {
      "0": {
        "name": "configureFakeBackend",
        "decl": {
          "start": {
            "line": 5,
            "column": 16
          },
          "end": {
            "line": 5,
            "column": 36
          }
        },
        "loc": {
          "start": {
            "line": 5,
            "column": 39
          },
          "end": {
            "line": 172,
            "column": 1
          }
        },
        "line": 5
      },
      "1": {
        "name": "(anonymous_1)",
        "decl": {
          "start": {
            "line": 7,
            "column": 19
          },
          "end": {
            "line": 7,
            "column": 20
          }
        },
        "loc": {
          "start": {
            "line": 7,
            "column": 40
          },
          "end": {
            "line": 171,
            "column": 5
          }
        },
        "line": 7
      },
      "2": {
        "name": "(anonymous_2)",
        "decl": {
          "start": {
            "line": 11,
            "column": 27
          },
          "end": {
            "line": 11,
            "column": 28
          }
        },
        "loc": {
          "start": {
            "line": 11,
            "column": 48
          },
          "end": {
            "line": 170,
            "column": 9
          }
        },
        "line": 11
      },
      "3": {
        "name": "handleRoute",
        "decl": {
          "start": {
            "line": 15,
            "column": 21
          },
          "end": {
            "line": 15,
            "column": 32
          }
        },
        "loc": {
          "start": {
            "line": 15,
            "column": 35
          },
          "end": {
            "line": 41,
            "column": 13
          }
        },
        "line": 15
      },
      "4": {
        "name": "(anonymous_4)",
        "decl": {
          "start": {
            "line": 38,
            "column": 34
          },
          "end": {
            "line": 38,
            "column": 35
          }
        },
        "loc": {
          "start": {
            "line": 38,
            "column": 46
          },
          "end": {
            "line": 38,
            "column": 63
          }
        },
        "line": 38
      },
      "5": {
        "name": "(anonymous_5)",
        "decl": {
          "start": {
            "line": 39,
            "column": 35
          },
          "end": {
            "line": 39,
            "column": 36
          }
        },
        "loc": {
          "start": {
            "line": 39,
            "column": 44
          },
          "end": {
            "line": 39,
            "column": 57
          }
        },
        "line": 39
      },
      "6": {
        "name": "authenticate",
        "decl": {
          "start": {
            "line": 45,
            "column": 21
          },
          "end": {
            "line": 45,
            "column": 33
          }
        },
        "loc": {
          "start": {
            "line": 45,
            "column": 36
          },
          "end": {
            "line": 56,
            "column": 13
          }
        },
        "line": 45
      },
      "7": {
        "name": "(anonymous_7)",
        "decl": {
          "start": {
            "line": 47,
            "column": 40
          },
          "end": {
            "line": 47,
            "column": 41
          }
        },
        "loc": {
          "start": {
            "line": 47,
            "column": 45
          },
          "end": {
            "line": 47,
            "column": 95
          }
        },
        "line": 47
      },
      "8": {
        "name": "register",
        "decl": {
          "start": {
            "line": 58,
            "column": 21
          },
          "end": {
            "line": 58,
            "column": 29
          }
        },
        "loc": {
          "start": {
            "line": 58,
            "column": 32
          },
          "end": {
            "line": 71,
            "column": 13
          }
        },
        "line": 58
      },
      "9": {
        "name": "(anonymous_9)",
        "decl": {
          "start": {
            "line": 61,
            "column": 31
          },
          "end": {
            "line": 61,
            "column": 32
          }
        },
        "loc": {
          "start": {
            "line": 61,
            "column": 36
          },
          "end": {
            "line": 61,
            "column": 64
          }
        },
        "line": 61
      },
      "10": {
        "name": "(anonymous_10)",
        "decl": {
          "start": {
            "line": 66,
            "column": 63
          },
          "end": {
            "line": 66,
            "column": 64
          }
        },
        "loc": {
          "start": {
            "line": 66,
            "column": 68
          },
          "end": {
            "line": 66,
            "column": 72
          }
        },
        "line": 66
      },
      "11": {
        "name": "getUsers",
        "decl": {
          "start": {
            "line": 73,
            "column": 21
          },
          "end": {
            "line": 73,
            "column": 29
          }
        },
        "loc": {
          "start": {
            "line": 73,
            "column": 32
          },
          "end": {
            "line": 77,
            "column": 13
          }
        },
        "line": 73
      },
      "12": {
        "name": "deleteUser",
        "decl": {
          "start": {
            "line": 79,
            "column": 21
          },
          "end": {
            "line": 79,
            "column": 31
          }
        },
        "loc": {
          "start": {
            "line": 79,
            "column": 34
          },
          "end": {
            "line": 85,
            "column": 13
          }
        },
        "line": 79
      },
      "13": {
        "name": "(anonymous_13)",
        "decl": {
          "start": {
            "line": 82,
            "column": 37
          },
          "end": {
            "line": 82,
            "column": 38
          }
        },
        "loc": {
          "start": {
            "line": 82,
            "column": 42
          },
          "end": {
            "line": 82,
            "column": 62
          }
        },
        "line": 82
      },
      "14": {
        "name": "addArticle",
        "decl": {
          "start": {
            "line": 89,
            "column": 21
          },
          "end": {
            "line": 89,
            "column": 31
          }
        },
        "loc": {
          "start": {
            "line": 89,
            "column": 34
          },
          "end": {
            "line": 102,
            "column": 13
          }
        },
        "line": 89
      },
      "15": {
        "name": "(anonymous_15)",
        "decl": {
          "start": {
            "line": 97,
            "column": 69
          },
          "end": {
            "line": 97,
            "column": 70
          }
        },
        "loc": {
          "start": {
            "line": 97,
            "column": 74
          },
          "end": {
            "line": 97,
            "column": 78
          }
        },
        "line": 97
      },
      "16": {
        "name": "updateArticle",
        "decl": {
          "start": {
            "line": 104,
            "column": 21
          },
          "end": {
            "line": 104,
            "column": 34
          }
        },
        "loc": {
          "start": {
            "line": 104,
            "column": 37
          },
          "end": {
            "line": 121,
            "column": 13
          }
        },
        "line": 104
      },
      "17": {
        "name": "(anonymous_17)",
        "decl": {
          "start": {
            "line": 107,
            "column": 42
          },
          "end": {
            "line": 107,
            "column": 43
          }
        },
        "loc": {
          "start": {
            "line": 107,
            "column": 47
          },
          "end": {
            "line": 107,
            "column": 67
          }
        },
        "line": 107
      },
      "18": {
        "name": "(anonymous_18)",
        "decl": {
          "start": {
            "line": 109,
            "column": 47
          },
          "end": {
            "line": 109,
            "column": 48
          }
        },
        "loc": {
          "start": {
            "line": 109,
            "column": 52
          },
          "end": {
            "line": 109,
            "column": 72
          }
        },
        "line": 109
      },
      "19": {
        "name": "(anonymous_19)",
        "decl": {
          "start": {
            "line": 110,
            "column": 49
          },
          "end": {
            "line": 110,
            "column": 50
          }
        },
        "loc": {
          "start": {
            "line": 110,
            "column": 54
          },
          "end": {
            "line": 110,
            "column": 74
          }
        },
        "line": 110
      },
      "20": {
        "name": "(anonymous_20)",
        "decl": {
          "start": {
            "line": 111,
            "column": 34
          },
          "end": {
            "line": 111,
            "column": 35
          }
        },
        "loc": {
          "start": {
            "line": 111,
            "column": 39
          },
          "end": {
            "line": 111,
            "column": 59
          }
        },
        "line": 111
      },
      "21": {
        "name": "getArticles",
        "decl": {
          "start": {
            "line": 123,
            "column": 21
          },
          "end": {
            "line": 123,
            "column": 32
          }
        },
        "loc": {
          "start": {
            "line": 123,
            "column": 35
          },
          "end": {
            "line": 127,
            "column": 13
          }
        },
        "line": 123
      },
      "22": {
        "name": "getArticleById",
        "decl": {
          "start": {
            "line": 129,
            "column": 21
          },
          "end": {
            "line": 129,
            "column": 35
          }
        },
        "loc": {
          "start": {
            "line": 129,
            "column": 38
          },
          "end": {
            "line": 134,
            "column": 13
          }
        },
        "line": 129
      },
      "23": {
        "name": "(anonymous_23)",
        "decl": {
          "start": {
            "line": 131,
            "column": 46
          },
          "end": {
            "line": 131,
            "column": 47
          }
        },
        "loc": {
          "start": {
            "line": 131,
            "column": 51
          },
          "end": {
            "line": 131,
            "column": 71
          }
        },
        "line": 131
      },
      "24": {
        "name": "(anonymous_24)",
        "decl": {
          "start": {
            "line": 132,
            "column": 42
          },
          "end": {
            "line": 132,
            "column": 43
          }
        },
        "loc": {
          "start": {
            "line": 132,
            "column": 48
          },
          "end": {
            "line": 132,
            "column": 91
          }
        },
        "line": 132
      },
      "25": {
        "name": "deleteArticle",
        "decl": {
          "start": {
            "line": 136,
            "column": 21
          },
          "end": {
            "line": 136,
            "column": 34
          }
        },
        "loc": {
          "start": {
            "line": 136,
            "column": 37
          },
          "end": {
            "line": 144,
            "column": 13
          }
        },
        "line": 136
      },
      "26": {
        "name": "(anonymous_26)",
        "decl": {
          "start": {
            "line": 139,
            "column": 43
          },
          "end": {
            "line": 139,
            "column": 44
          }
        },
        "loc": {
          "start": {
            "line": 139,
            "column": 48
          },
          "end": {
            "line": 139,
            "column": 68
          }
        },
        "line": 139
      },
      "27": {
        "name": "ok",
        "decl": {
          "start": {
            "line": 150,
            "column": 21
          },
          "end": {
            "line": 150,
            "column": 23
          }
        },
        "loc": {
          "start": {
            "line": 150,
            "column": 30
          },
          "end": {
            "line": 152,
            "column": 13
          }
        },
        "line": 150
      },
      "28": {
        "name": "(anonymous_28)",
        "decl": {
          "start": {
            "line": 151,
            "column": 42
          },
          "end": {
            "line": 151,
            "column": 43
          }
        },
        "loc": {
          "start": {
            "line": 151,
            "column": 48
          },
          "end": {
            "line": 151,
            "column": 85
          }
        },
        "line": 151
      },
      "29": {
        "name": "unauthorized",
        "decl": {
          "start": {
            "line": 154,
            "column": 21
          },
          "end": {
            "line": 154,
            "column": 33
          }
        },
        "loc": {
          "start": {
            "line": 154,
            "column": 36
          },
          "end": {
            "line": 156,
            "column": 13
          }
        },
        "line": 154
      },
      "30": {
        "name": "(anonymous_30)",
        "decl": {
          "start": {
            "line": 155,
            "column": 45
          },
          "end": {
            "line": 155,
            "column": 46
          }
        },
        "loc": {
          "start": {
            "line": 155,
            "column": 51
          },
          "end": {
            "line": 155,
            "column": 111
          }
        },
        "line": 155
      },
      "31": {
        "name": "error",
        "decl": {
          "start": {
            "line": 158,
            "column": 21
          },
          "end": {
            "line": 158,
            "column": 26
          }
        },
        "loc": {
          "start": {
            "line": 158,
            "column": 36
          },
          "end": {
            "line": 160,
            "column": 13
          }
        },
        "line": 158
      },
      "32": {
        "name": "(anonymous_32)",
        "decl": {
          "start": {
            "line": 159,
            "column": 45
          },
          "end": {
            "line": 159,
            "column": 46
          }
        },
        "loc": {
          "start": {
            "line": 159,
            "column": 51
          },
          "end": {
            "line": 159,
            "column": 95
          }
        },
        "line": 159
      },
      "33": {
        "name": "isLoggedIn",
        "decl": {
          "start": {
            "line": 162,
            "column": 21
          },
          "end": {
            "line": 162,
            "column": 31
          }
        },
        "loc": {
          "start": {
            "line": 162,
            "column": 34
          },
          "end": {
            "line": 164,
            "column": 13
          }
        },
        "line": 162
      },
      "34": {
        "name": "idFromUrl",
        "decl": {
          "start": {
            "line": 166,
            "column": 21
          },
          "end": {
            "line": 166,
            "column": 30
          }
        },
        "loc": {
          "start": {
            "line": 166,
            "column": 33
          },
          "end": {
            "line": 169,
            "column": 13
          }
        },
        "line": 166
      }
    },
    "branchMap": {
      "0": {
        "loc": {
          "start": {
            "line": 2,
            "column": 12
          },
          "end": {
            "line": 2,
            "column": 59
          }
        },
        "type": "binary-expr",
        "locations": [
          {
            "start": {
              "line": 2,
              "column": 12
            },
            "end": {
              "line": 2,
              "column": 53
            }
          },
          {
            "start": {
              "line": 2,
              "column": 57
            },
            "end": {
              "line": 2,
              "column": 59
            }
          }
        ],
        "line": 2
      },
      "1": {
        "loc": {
          "start": {
            "line": 3,
            "column": 15
          },
          "end": {
            "line": 3,
            "column": 65
          }
        },
        "type": "binary-expr",
        "locations": [
          {
            "start": {
              "line": 3,
              "column": 15
            },
            "end": {
              "line": 3,
              "column": 59
            }
          },
          {
            "start": {
              "line": 3,
              "column": 63
            },
            "end": {
              "line": 3,
              "column": 65
            }
          }
        ],
        "line": 3
      },
      "2": {
        "loc": {
          "start": {
            "line": 9,
            "column": 21
          },
          "end": {
            "line": 9,
            "column": 55
          }
        },
        "type": "binary-expr",
        "locations": [
          {
            "start": {
              "line": 9,
              "column": 21
            },
            "end": {
              "line": 9,
              "column": 30
            }
          },
          {
            "start": {
              "line": 9,
              "column": 34
            },
            "end": {
              "line": 9,
              "column": 55
            }
          }
        ],
        "line": 9
      },
      "3": {
        "loc": {
          "start": {
            "line": 16,
            "column": 16
          },
          "end": {
            "line": 40,
            "column": 17
          }
        },
        "type": "switch",
        "locations": [
          {
            "start": {
              "line": 17,
              "column": 20
            },
            "end": {
              "line": 18,
              "column": 46
            }
          },
          {
            "start": {
              "line": 19,
              "column": 20
            },
            "end": {
              "line": 20,
              "column": 42
            }
          },
          {
            "start": {
              "line": 21,
              "column": 20
            },
            "end": {
              "line": 22,
              "column": 42
            }
          },
          {
            "start": {
              "line": 23,
              "column": 20
            },
            "end": {
              "line": 24,
              "column": 44
            }
          },
          {
            "start": {
              "line": 25,
              "column": 20
            },
            "end": {
              "line": 26,
              "column": 44
            }
          },
          {
            "start": {
              "line": 27,
              "column": 20
            },
            "end": {
              "line": 28,
              "column": 45
            }
          },
          {
            "start": {
              "line": 29,
              "column": 20
            },
            "end": {
              "line": 30,
              "column": 47
            }
          },
          {
            "start": {
              "line": 31,
              "column": 20
            },
            "end": {
              "line": 32,
              "column": 48
            }
          },
          {
            "start": {
              "line": 33,
              "column": 24
            },
            "end": {
              "line": 34,
              "column": 47
            }
          },
          {
            "start": {
              "line": 35,
              "column": 20
            },
            "end": {
              "line": 39,
              "column": 59
            }
          }
        ],
        "line": 16
      },
      "4": {
        "loc": {
          "start": {
            "line": 17,
            "column": 25
          },
          "end": {
            "line": 17,
            "column": 81
          }
        },
        "type": "binary-expr",
        "locations": [
          {
            "start": {
              "line": 17,
              "column": 25
            },
            "end": {
              "line": 17,
              "column": 60
            }
          },
          {
            "start": {
              "line": 17,
              "column": 64
            },
            "end": {
              "line": 17,
              "column": 81
            }
          }
        ],
        "line": 17
      },
      "5": {
        "loc": {
          "start": {
            "line": 19,
            "column": 25
          },
          "end": {
            "line": 19,
            "column": 77
          }
        },
        "type": "binary-expr",
        "locations": [
          {
            "start": {
              "line": 19,
              "column": 25
            },
            "end": {
              "line": 19,
              "column": 56
            }
          },
          {
            "start": {
              "line": 19,
              "column": 60
            },
            "end": {
              "line": 19,
              "column": 77
            }
          }
        ],
        "line": 19
      },
      "6": {
        "loc": {
          "start": {
            "line": 21,
            "column": 25
          },
          "end": {
            "line": 21,
            "column": 67
          }
        },
        "type": "binary-expr",
        "locations": [
          {
            "start": {
              "line": 21,
              "column": 25
            },
            "end": {
              "line": 21,
              "column": 47
            }
          },
          {
            "start": {
              "line": 21,
              "column": 51
            },
            "end": {
              "line": 21,
              "column": 67
            }
          }
        ],
        "line": 21
      },
      "7": {
        "loc": {
          "start": {
            "line": 23,
            "column": 25
          },
          "end": {
            "line": 23,
            "column": 74
          }
        },
        "type": "binary-expr",
        "locations": [
          {
            "start": {
              "line": 23,
              "column": 25
            },
            "end": {
              "line": 23,
              "column": 51
            }
          },
          {
            "start": {
              "line": 23,
              "column": 55
            },
            "end": {
              "line": 23,
              "column": 74
            }
          }
        ],
        "line": 23
      },
      "8": {
        "loc": {
          "start": {
            "line": 25,
            "column": 25
          },
          "end": {
            "line": 25,
            "column": 75
          }
        },
        "type": "binary-expr",
        "locations": [
          {
            "start": {
              "line": 25,
              "column": 25
            },
            "end": {
              "line": 25,
              "column": 54
            }
          },
          {
            "start": {
              "line": 25,
              "column": 58
            },
            "end": {
              "line": 25,
              "column": 75
            }
          }
        ],
        "line": 25
      },
      "9": {
        "loc": {
          "start": {
            "line": 27,
            "column": 25
          },
          "end": {
            "line": 27,
            "column": 70
          }
        },
        "type": "binary-expr",
        "locations": [
          {
            "start": {
              "line": 27,
              "column": 25
            },
            "end": {
              "line": 27,
              "column": 50
            }
          },
          {
            "start": {
              "line": 27,
              "column": 54
            },
            "end": {
              "line": 27,
              "column": 70
            }
          }
        ],
        "line": 27
      },
      "10": {
        "loc": {
          "start": {
            "line": 29,
            "column": 25
          },
          "end": {
            "line": 29,
            "column": 77
          }
        },
        "type": "binary-expr",
        "locations": [
          {
            "start": {
              "line": 29,
              "column": 25
            },
            "end": {
              "line": 29,
              "column": 54
            }
          },
          {
            "start": {
              "line": 29,
              "column": 58
            },
            "end": {
              "line": 29,
              "column": 77
            }
          }
        ],
        "line": 29
      },
      "11": {
        "loc": {
          "start": {
            "line": 31,
            "column": 25
          },
          "end": {
            "line": 31,
            "column": 74
          }
        },
        "type": "binary-expr",
        "locations": [
          {
            "start": {
              "line": 31,
              "column": 25
            },
            "end": {
              "line": 31,
              "column": 54
            }
          },
          {
            "start": {
              "line": 31,
              "column": 58
            },
            "end": {
              "line": 31,
              "column": 74
            }
          }
        ],
        "line": 31
      },
      "12": {
        "loc": {
          "start": {
            "line": 33,
            "column": 29
          },
          "end": {
            "line": 33,
            "column": 78
          }
        },
        "type": "binary-expr",
        "locations": [
          {
            "start": {
              "line": 33,
              "column": 29
            },
            "end": {
              "line": 33,
              "column": 58
            }
          },
          {
            "start": {
              "line": 33,
              "column": 62
            },
            "end": {
              "line": 33,
              "column": 78
            }
          }
        ],
        "line": 33
      },
      "13": {
        "loc": {
          "start": {
            "line": 47,
            "column": 45
          },
          "end": {
            "line": 47,
            "column": 95
          }
        },
        "type": "binary-expr",
        "locations": [
          {
            "start": {
              "line": 47,
              "column": 45
            },
            "end": {
              "line": 47,
              "column": 68
            }
          },
          {
            "start": {
              "line": 47,
              "column": 72
            },
            "end": {
              "line": 47,
              "column": 95
            }
          }
        ],
        "line": 47
      },
      "14": {
        "loc": {
          "start": {
            "line": 48,
            "column": 16
          },
          "end": {
            "line": 48,
            "column": 77
          }
        },
        "type": "if",
        "locations": [
          {
            "start": {
              "line": 48,
              "column": 16
            },
            "end": {
              "line": 48,
              "column": 77
            }
          },
          {
            "start": {
              "line": 48,
              "column": 16
            },
            "end": {
              "line": 48,
              "column": 77
            }
          }
        ],
        "line": 48
      },
      "15": {
        "loc": {
          "start": {
            "line": 61,
            "column": 16
          },
          "end": {
            "line": 63,
            "column": 17
          }
        },
        "type": "if",
        "locations": [
          {
            "start": {
              "line": 61,
              "column": 16
            },
            "end": {
              "line": 63,
              "column": 17
            }
          },
          {
            "start": {
              "line": 61,
              "column": 16
            },
            "end": {
              "line": 63,
              "column": 17
            }
          }
        ],
        "line": 61
      },
      "16": {
        "loc": {
          "start": {
            "line": 66,
            "column": 26
          },
          "end": {
            "line": 66,
            "column": 82
          }
        },
        "type": "cond-expr",
        "locations": [
          {
            "start": {
              "line": 66,
              "column": 41
            },
            "end": {
              "line": 66,
              "column": 78
            }
          },
          {
            "start": {
              "line": 66,
              "column": 81
            },
            "end": {
              "line": 66,
              "column": 82
            }
          }
        ],
        "line": 66
      },
      "17": {
        "loc": {
          "start": {
            "line": 74,
            "column": 16
          },
          "end": {
            "line": 74,
            "column": 57
          }
        },
        "type": "if",
        "locations": [
          {
            "start": {
              "line": 74,
              "column": 16
            },
            "end": {
              "line": 74,
              "column": 57
            }
          },
          {
            "start": {
              "line": 74,
              "column": 16
            },
            "end": {
              "line": 74,
              "column": 57
            }
          }
        ],
        "line": 74
      },
      "18": {
        "loc": {
          "start": {
            "line": 80,
            "column": 16
          },
          "end": {
            "line": 80,
            "column": 57
          }
        },
        "type": "if",
        "locations": [
          {
            "start": {
              "line": 80,
              "column": 16
            },
            "end": {
              "line": 80,
              "column": 57
            }
          },
          {
            "start": {
              "line": 80,
              "column": 16
            },
            "end": {
              "line": 80,
              "column": 57
            }
          }
        ],
        "line": 80
      },
      "19": {
        "loc": {
          "start": {
            "line": 97,
            "column": 26
          },
          "end": {
            "line": 97,
            "column": 88
          }
        },
        "type": "cond-expr",
        "locations": [
          {
            "start": {
              "line": 97,
              "column": 44
            },
            "end": {
              "line": 97,
              "column": 84
            }
          },
          {
            "start": {
              "line": 97,
              "column": 87
            },
            "end": {
              "line": 97,
              "column": 88
            }
          }
        ],
        "line": 97
      },
      "20": {
        "loc": {
          "start": {
            "line": 111,
            "column": 16
          },
          "end": {
            "line": 113,
            "column": 17
          }
        },
        "type": "if",
        "locations": [
          {
            "start": {
              "line": 111,
              "column": 16
            },
            "end": {
              "line": 113,
              "column": 17
            }
          },
          {
            "start": {
              "line": 111,
              "column": 16
            },
            "end": {
              "line": 113,
              "column": 17
            }
          }
        ],
        "line": 111
      },
      "21": {
        "loc": {
          "start": {
            "line": 124,
            "column": 16
          },
          "end": {
            "line": 124,
            "column": 57
          }
        },
        "type": "if",
        "locations": [
          {
            "start": {
              "line": 124,
              "column": 16
            },
            "end": {
              "line": 124,
              "column": 57
            }
          },
          {
            "start": {
              "line": 124,
              "column": 16
            },
            "end": {
              "line": 124,
              "column": 57
            }
          }
        ],
        "line": 124
      },
      "22": {
        "loc": {
          "start": {
            "line": 130,
            "column": 16
          },
          "end": {
            "line": 130,
            "column": 57
          }
        },
        "type": "if",
        "locations": [
          {
            "start": {
              "line": 130,
              "column": 16
            },
            "end": {
              "line": 130,
              "column": 57
            }
          },
          {
            "start": {
              "line": 130,
              "column": 16
            },
            "end": {
              "line": 130,
              "column": 57
            }
          }
        ],
        "line": 130
      },
      "23": {
        "loc": {
          "start": {
            "line": 137,
            "column": 16
          },
          "end": {
            "line": 137,
            "column": 57
          }
        },
        "type": "if",
        "locations": [
          {
            "start": {
              "line": 137,
              "column": 16
            },
            "end": {
              "line": 137,
              "column": 57
            }
          },
          {
            "start": {
              "line": 137,
              "column": 16
            },
            "end": {
              "line": 137,
              "column": 57
            }
          }
        ],
        "line": 137
      }
    },
    "s": {
      "0": 2,
      "1": 2,
      "2": 2,
      "3": 2,
      "4": 6,
      "5": 6,
      "6": 6,
      "7": 6,
      "8": 4,
      "9": 2,
      "10": 2,
      "11": 0,
      "12": 0,
      "13": 0,
      "14": 0,
      "15": 0,
      "16": 0,
      "17": 0,
      "18": 0,
      "19": 0,
      "20": 0,
      "21": 2,
      "22": 2,
      "23": 4,
      "24": 2,
      "25": 2,
      "26": 0,
      "27": 2,
      "28": 2,
      "29": 2,
      "30": 0,
      "31": 2,
      "32": 2,
      "33": 2,
      "34": 2,
      "35": 2,
      "36": 0,
      "37": 0,
      "38": 0,
      "39": 0,
      "40": 0,
      "41": 0,
      "42": 0,
      "43": 0,
      "44": 0,
      "45": 0,
      "46": 0,
      "47": 0,
      "48": 0,
      "49": 0,
      "50": 0,
      "51": 0,
      "52": 0,
      "53": 0,
      "54": 0,
      "55": 0,
      "56": 0,
      "57": 0,
      "58": 0,
      "59": 0,
      "60": 0,
      "61": 0,
      "62": 0,
      "63": 0,
      "64": 0,
      "65": 0,
      "66": 0,
      "67": 0,
      "68": 0,
      "69": 0,
      "70": 0,
      "71": 0,
      "72": 0,
      "73": 0,
      "74": 0,
      "75": 0,
      "76": 0,
      "77": 0,
      "78": 0,
      "79": 0,
      "80": 0,
      "81": 2,
      "82": 2,
      "83": 0,
      "84": 0,
      "85": 2,
      "86": 2,
      "87": 0,
      "88": 0,
      "89": 0
    },
    "f": {
      "0": 2,
      "1": 6,
      "2": 6,
      "3": 4,
      "4": 0,
      "5": 0,
      "6": 2,
      "7": 4,
      "8": 2,
      "9": 2,
      "10": 2,
      "11": 0,
      "12": 0,
      "13": 0,
      "14": 0,
      "15": 0,
      "16": 0,
      "17": 0,
      "18": 0,
      "19": 0,
      "20": 0,
      "21": 0,
      "22": 0,
      "23": 0,
      "24": 0,
      "25": 0,
      "26": 0,
      "27": 2,
      "28": 2,
      "29": 0,
      "30": 0,
      "31": 2,
      "32": 2,
      "33": 0,
      "34": 0
    },
    "b": {
      "0": [
        2,
        0
      ],
      "1": [
        2,
        2
      ],
      "2": [
        6,
        6
      ],
      "3": [
        2,
        2,
        0,
        0,
        0,
        0,
        0,
        0,
        0,
        0
      ],
      "4": [
        4,
        2
      ],
      "5": [
        2,
        2
      ],
      "6": [
        0,
        0
      ],
      "7": [
        0,
        0
      ],
      "8": [
        0,
        0
      ],
      "9": [
        0,
        0
      ],
      "10": [
        0,
        0
      ],
      "11": [
        0,
        0
      ],
      "12": [
        0,
        0
      ],
      "13": [
        4,
        0
      ],
      "14": [
        2,
        0
      ],
      "15": [
        0,
        2
      ],
      "16": [
        2,
        0
      ],
      "17": [
        0,
        0
      ],
      "18": [
        0,
        0
      ],
      "19": [
        0,
        0
      ],
      "20": [
        0,
        0
      ],
      "21": [
        0,
        0
      ],
      "22": [
        0,
        0
      ],
      "23": [
        0,
        0
      ]
    },
    "_coverageSchema": "1a1c01bbd47fc00a2c39e90264f33305004495a9",
    "hash": "dfaff98a8d3878159c4ecc92f247025377d40397"
  },
  "C:\\xampp\\htdocs\\html\\ligadata-test\\src\\_helpers\\history.js": {
    "path": "C:\\xampp\\htdocs\\html\\ligadata-test\\src\\_helpers\\history.js",
    "statementMap": {
      "0": {
        "start": {
          "line": 3,
          "column": 23
        },
        "end": {
          "line": 3,
          "column": 45
        }
      }
    },
    "fnMap": {},
    "branchMap": {},
    "s": {
      "0": 2
    },
    "f": {},
    "b": {},
    "_coverageSchema": "1a1c01bbd47fc00a2c39e90264f33305004495a9",
    "hash": "498a41bffb175f2a7dfb185b14f6b12da3c31329"
  },
  "C:\\xampp\\htdocs\\html\\ligadata-test\\src\\_reducers\\authentication.reducer.js": {
    "path": "C:\\xampp\\htdocs\\html\\ligadata-test\\src\\_reducers\\authentication.reducer.js",
    "statementMap": {
      "0": {
        "start": {
          "line": 3,
          "column": 11
        },
        "end": {
          "line": 3,
          "column": 51
        }
      },
      "1": {
        "start": {
          "line": 4,
          "column": 21
        },
        "end": {
          "line": 4,
          "column": 57
        }
      },
      "2": {
        "start": {
          "line": 7,
          "column": 4
        },
        "end": {
          "line": 24,
          "column": 5
        }
      },
      "3": {
        "start": {
          "line": 9,
          "column": 12
        },
        "end": {
          "line": 12,
          "column": 14
        }
      },
      "4": {
        "start": {
          "line": 14,
          "column": 12
        },
        "end": {
          "line": 17,
          "column": 14
        }
      },
      "5": {
        "start": {
          "line": 19,
          "column": 12
        },
        "end": {
          "line": 19,
          "column": 22
        }
      },
      "6": {
        "start": {
          "line": 21,
          "column": 12
        },
        "end": {
          "line": 21,
          "column": 22
        }
      },
      "7": {
        "start": {
          "line": 23,
          "column": 12
        },
        "end": {
          "line": 23,
          "column": 24
        }
      }
    },
    "fnMap": {
      "0": {
        "name": "authentication",
        "decl": {
          "start": {
            "line": 6,
            "column": 16
          },
          "end": {
            "line": 6,
            "column": 30
          }
        },
        "loc": {
          "start": {
            "line": 6,
            "column": 61
          },
          "end": {
            "line": 25,
            "column": 1
          }
        },
        "line": 6
      }
    },
    "branchMap": {
      "0": {
        "loc": {
          "start": {
            "line": 4,
            "column": 21
          },
          "end": {
            "line": 4,
            "column": 57
          }
        },
        "type": "cond-expr",
        "locations": [
          {
            "start": {
              "line": 4,
              "column": 28
            },
            "end": {
              "line": 4,
              "column": 52
            }
          },
          {
            "start": {
              "line": 4,
              "column": 55
            },
            "end": {
              "line": 4,
              "column": 57
            }
          }
        ],
        "line": 4
      },
      "1": {
        "loc": {
          "start": {
            "line": 6,
            "column": 31
          },
          "end": {
            "line": 6,
            "column": 51
          }
        },
        "type": "default-arg",
        "locations": [
          {
            "start": {
              "line": 6,
              "column": 39
            },
            "end": {
              "line": 6,
              "column": 51
            }
          }
        ],
        "line": 6
      },
      "2": {
        "loc": {
          "start": {
            "line": 7,
            "column": 4
          },
          "end": {
            "line": 24,
            "column": 5
          }
        },
        "type": "switch",
        "locations": [
          {
            "start": {
              "line": 8,
              "column": 8
            },
            "end": {
              "line": 12,
              "column": 14
            }
          },
          {
            "start": {
              "line": 13,
              "column": 8
            },
            "end": {
              "line": 17,
              "column": 14
            }
          },
          {
            "start": {
              "line": 18,
              "column": 8
            },
            "end": {
              "line": 19,
              "column": 22
            }
          },
          {
            "start": {
              "line": 20,
              "column": 8
            },
            "end": {
              "line": 21,
              "column": 22
            }
          },
          {
            "start": {
              "line": 22,
              "column": 8
            },
            "end": {
              "line": 23,
              "column": 24
            }
          }
        ],
        "line": 7
      }
    },
    "s": {
      "0": 2,
      "1": 2,
      "2": 30,
      "3": 4,
      "4": 0,
      "5": 2,
      "6": 4,
      "7": 20
    },
    "f": {
      "0": 30
    },
    "b": {
      "0": [
        2,
        0
      ],
      "1": [
        6
      ],
      "2": [
        4,
        0,
        2,
        4,
        20
      ]
    },
    "_coverageSchema": "1a1c01bbd47fc00a2c39e90264f33305004495a9",
    "hash": "4f6bbf74675f4ff211d0f02db4be5b450b08a86f"
  },
  "C:\\xampp\\htdocs\\html\\ligadata-test\\src\\_reducers\\registration.reducer.js": {
    "path": "C:\\xampp\\htdocs\\html\\ligadata-test\\src\\_reducers\\registration.reducer.js",
    "statementMap": {
      "0": {
        "start": {
          "line": 4,
          "column": 4
        },
        "end": {
          "line": 13,
          "column": 5
        }
      },
      "1": {
        "start": {
          "line": 6,
          "column": 12
        },
        "end": {
          "line": 6,
          "column": 41
        }
      },
      "2": {
        "start": {
          "line": 8,
          "column": 12
        },
        "end": {
          "line": 8,
          "column": 22
        }
      },
      "3": {
        "start": {
          "line": 10,
          "column": 12
        },
        "end": {
          "line": 10,
          "column": 22
        }
      },
      "4": {
        "start": {
          "line": 12,
          "column": 12
        },
        "end": {
          "line": 12,
          "column": 24
        }
      }
    },
    "fnMap": {
      "0": {
        "name": "registration",
        "decl": {
          "start": {
            "line": 3,
            "column": 16
          },
          "end": {
            "line": 3,
            "column": 28
          }
        },
        "loc": {
          "start": {
            "line": 3,
            "column": 49
          },
          "end": {
            "line": 14,
            "column": 1
          }
        },
        "line": 3
      }
    },
    "branchMap": {
      "0": {
        "loc": {
          "start": {
            "line": 3,
            "column": 29
          },
          "end": {
            "line": 3,
            "column": 39
          }
        },
        "type": "default-arg",
        "locations": [
          {
            "start": {
              "line": 3,
              "column": 37
            },
            "end": {
              "line": 3,
              "column": 39
            }
          }
        ],
        "line": 3
      },
      "1": {
        "loc": {
          "start": {
            "line": 4,
            "column": 4
          },
          "end": {
            "line": 13,
            "column": 5
          }
        },
        "type": "switch",
        "locations": [
          {
            "start": {
              "line": 5,
              "column": 8
            },
            "end": {
              "line": 6,
              "column": 41
            }
          },
          {
            "start": {
              "line": 7,
              "column": 8
            },
            "end": {
              "line": 8,
              "column": 22
            }
          },
          {
            "start": {
              "line": 9,
              "column": 8
            },
            "end": {
              "line": 10,
              "column": 22
            }
          },
          {
            "start": {
              "line": 11,
              "column": 8
            },
            "end": {
              "line": 12,
              "column": 24
            }
          }
        ],
        "line": 4
      }
    },
    "s": {
      "0": 30,
      "1": 2,
      "2": 2,
      "3": 0,
      "4": 26
    },
    "f": {
      "0": 30
    },
    "b": {
      "0": [
        6
      ],
      "1": [
        2,
        2,
        0,
        26
      ]
    },
    "_coverageSchema": "1a1c01bbd47fc00a2c39e90264f33305004495a9",
    "hash": "0e3d76f38e380f1cf6e6572fc7c548c4df2cb576"
  },
  "C:\\xampp\\htdocs\\html\\ligadata-test\\src\\_reducers\\users.reducer.js": {
    "path": "C:\\xampp\\htdocs\\html\\ligadata-test\\src\\_reducers\\users.reducer.js",
    "statementMap": {
      "0": {
        "start": {
          "line": 4,
          "column": 4
        },
        "end": {
          "line": 49,
          "column": 5
        }
      },
      "1": {
        "start": {
          "line": 6,
          "column": 12
        },
        "end": {
          "line": 8,
          "column": 14
        }
      },
      "2": {
        "start": {
          "line": 10,
          "column": 12
        },
        "end": {
          "line": 12,
          "column": 14
        }
      },
      "3": {
        "start": {
          "line": 14,
          "column": 12
        },
        "end": {
          "line": 16,
          "column": 14
        }
      },
      "4": {
        "start": {
          "line": 19,
          "column": 12
        },
        "end": {
          "line": 26,
          "column": 14
        }
      },
      "5": {
        "start": {
          "line": 22,
          "column": 20
        },
        "end": {
          "line": 24,
          "column": 30
        }
      },
      "6": {
        "start": {
          "line": 29,
          "column": 12
        },
        "end": {
          "line": 31,
          "column": 14
        }
      },
      "7": {
        "start": {
          "line": 30,
          "column": 50
        },
        "end": {
          "line": 30,
          "column": 71
        }
      },
      "8": {
        "start": {
          "line": 34,
          "column": 12
        },
        "end": {
          "line": 46,
          "column": 14
        }
      },
      "9": {
        "start": {
          "line": 37,
          "column": 20
        },
        "end": {
          "line": 42,
          "column": 21
        }
      },
      "10": {
        "start": {
          "line": 39,
          "column": 58
        },
        "end": {
          "line": 39,
          "column": 62
        }
      },
      "11": {
        "start": {
          "line": 41,
          "column": 24
        },
        "end": {
          "line": 41,
          "column": 74
        }
      },
      "12": {
        "start": {
          "line": 44,
          "column": 20
        },
        "end": {
          "line": 44,
          "column": 32
        }
      },
      "13": {
        "start": {
          "line": 48,
          "column": 12
        },
        "end": {
          "line": 48,
          "column": 24
        }
      }
    },
    "fnMap": {
      "0": {
        "name": "users",
        "decl": {
          "start": {
            "line": 3,
            "column": 16
          },
          "end": {
            "line": 3,
            "column": 21
          }
        },
        "loc": {
          "start": {
            "line": 3,
            "column": 42
          },
          "end": {
            "line": 50,
            "column": 1
          }
        },
        "line": 3
      },
      "1": {
        "name": "(anonymous_1)",
        "decl": {
          "start": {
            "line": 21,
            "column": 39
          },
          "end": {
            "line": 21,
            "column": 40
          }
        },
        "loc": {
          "start": {
            "line": 22,
            "column": 20
          },
          "end": {
            "line": 24,
            "column": 30
          }
        },
        "line": 22
      },
      "2": {
        "name": "(anonymous_2)",
        "decl": {
          "start": {
            "line": 30,
            "column": 42
          },
          "end": {
            "line": 30,
            "column": 43
          }
        },
        "loc": {
          "start": {
            "line": 30,
            "column": 50
          },
          "end": {
            "line": 30,
            "column": 71
          }
        },
        "line": 30
      },
      "3": {
        "name": "(anonymous_3)",
        "decl": {
          "start": {
            "line": 36,
            "column": 39
          },
          "end": {
            "line": 36,
            "column": 40
          }
        },
        "loc": {
          "start": {
            "line": 36,
            "column": 47
          },
          "end": {
            "line": 45,
            "column": 17
          }
        },
        "line": 36
      }
    },
    "branchMap": {
      "0": {
        "loc": {
          "start": {
            "line": 3,
            "column": 22
          },
          "end": {
            "line": 3,
            "column": 32
          }
        },
        "type": "default-arg",
        "locations": [
          {
            "start": {
              "line": 3,
              "column": 30
            },
            "end": {
              "line": 3,
              "column": 32
            }
          }
        ],
        "line": 3
      },
      "1": {
        "loc": {
          "start": {
            "line": 4,
            "column": 4
          },
          "end": {
            "line": 49,
            "column": 5
          }
        },
        "type": "switch",
        "locations": [
          {
            "start": {
              "line": 5,
              "column": 8
            },
            "end": {
              "line": 8,
              "column": 14
            }
          },
          {
            "start": {
              "line": 9,
              "column": 8
            },
            "end": {
              "line": 12,
              "column": 14
            }
          },
          {
            "start": {
              "line": 13,
              "column": 8
            },
            "end": {
              "line": 16,
              "column": 14
            }
          },
          {
            "start": {
              "line": 17,
              "column": 8
            },
            "end": {
              "line": 26,
              "column": 14
            }
          },
          {
            "start": {
              "line": 27,
              "column": 8
            },
            "end": {
              "line": 31,
              "column": 14
            }
          },
          {
            "start": {
              "line": 32,
              "column": 8
            },
            "end": {
              "line": 46,
              "column": 14
            }
          },
          {
            "start": {
              "line": 47,
              "column": 8
            },
            "end": {
              "line": 48,
              "column": 24
            }
          }
        ],
        "line": 4
      },
      "2": {
        "loc": {
          "start": {
            "line": 22,
            "column": 20
          },
          "end": {
            "line": 24,
            "column": 30
          }
        },
        "type": "cond-expr",
        "locations": [
          {
            "start": {
              "line": 23,
              "column": 26
            },
            "end": {
              "line": 23,
              "column": 53
            }
          },
          {
            "start": {
              "line": 24,
              "column": 26
            },
            "end": {
              "line": 24,
              "column": 30
            }
          }
        ],
        "line": 22
      },
      "3": {
        "loc": {
          "start": {
            "line": 37,
            "column": 20
          },
          "end": {
            "line": 42,
            "column": 21
          }
        },
        "type": "if",
        "locations": [
          {
            "start": {
              "line": 37,
              "column": 20
            },
            "end": {
              "line": 42,
              "column": 21
            }
          },
          {
            "start": {
              "line": 37,
              "column": 20
            },
            "end": {
              "line": 42,
              "column": 21
            }
          }
        ],
        "line": 37
      }
    },
    "s": {
      "0": 30,
      "1": 0,
      "2": 0,
      "3": 0,
      "4": 0,
      "5": 0,
      "6": 0,
      "7": 0,
      "8": 0,
      "9": 0,
      "10": 0,
      "11": 0,
      "12": 0,
      "13": 30
    },
    "f": {
      "0": 30,
      "1": 0,
      "2": 0,
      "3": 0
    },
    "b": {
      "0": [
        6
      ],
      "1": [
        0,
        0,
        0,
        0,
        0,
        0,
        30
      ],
      "2": [
        0,
        0
      ],
      "3": [
        0,
        0
      ]
    },
    "_coverageSchema": "1a1c01bbd47fc00a2c39e90264f33305004495a9",
    "hash": "d426b4cba003c61882ea143630002b0db19f4fe3"
  },
  "C:\\xampp\\htdocs\\html\\ligadata-test\\src\\_reducers\\alert.reducer.js": {
    "path": "C:\\xampp\\htdocs\\html\\ligadata-test\\src\\_reducers\\alert.reducer.js",
    "statementMap": {
      "0": {
        "start": {
          "line": 4,
          "column": 4
        },
        "end": {
          "line": 19,
          "column": 5
        }
      },
      "1": {
        "start": {
          "line": 6,
          "column": 12
        },
        "end": {
          "line": 9,
          "column": 14
        }
      },
      "2": {
        "start": {
          "line": 11,
          "column": 12
        },
        "end": {
          "line": 14,
          "column": 14
        }
      },
      "3": {
        "start": {
          "line": 16,
          "column": 12
        },
        "end": {
          "line": 16,
          "column": 22
        }
      },
      "4": {
        "start": {
          "line": 18,
          "column": 12
        },
        "end": {
          "line": 18,
          "column": 24
        }
      }
    },
    "fnMap": {
      "0": {
        "name": "alert",
        "decl": {
          "start": {
            "line": 3,
            "column": 16
          },
          "end": {
            "line": 3,
            "column": 21
          }
        },
        "loc": {
          "start": {
            "line": 3,
            "column": 42
          },
          "end": {
            "line": 20,
            "column": 1
[...]
        "line": 124
      },
      "13": {
        "loc": {
          "start": {
            "line": 130,
            "column": 75
          },
          "end": {
            "line": 130,
            "column": 122
          }
        },
        "type": "cond-expr",
        "locations": [
          {
            "start": {
              "line": 130,
              "column": 104
            },
            "end": {
              "line": 130,
              "column": 117
            }
          },
          {
            "start": {
              "line": 130,
              "column": 120
            },
            "end": {
              "line": 130,
              "column": 122
            }
          }
        ],
        "line": 130
      },
      "14": {
        "loc": {
          "start": {
            "line": 130,
            "column": 75
          },
          "end": {
            "line": 130,
            "column": 101
          }
        },
        "type": "binary-expr",
        "locations": [
          {
            "start": {
              "line": 130,
              "column": 75
            },
            "end": {
              "line": 130,
              "column": 84
            }
          },
          {
            "start": {
              "line": 130,
              "column": 88
            },
            "end": {
              "line": 130,
              "column": 101
            }
          }
        ],
        "line": 130
      },
      "15": {
        "loc": {
          "start": {
            "line": 133,
            "column": 21
          },
          "end": {
            "line": 134,
            "column": 79
          }
        },
        "type": "binary-expr",
        "locations": [
          {
            "start": {
              "line": 133,
              "column": 21
            },
            "end": {
              "line": 133,
              "column": 30
            }
          },
          {
            "start": {
              "line": 133,
              "column": 34
            },
            "end": {
              "line": 133,
              "column": 47
            }
          },
          {
            "start": {
              "line": 134,
              "column": 20
            },
            "end": {
              "line": 134,
              "column": 79
            }
          }
        ],
        "line": 133
      },
      "16": {
        "loc": {
          "start": {
            "line": 139,
            "column": 122
          },
          "end": {
            "line": 139,
            "column": 166
          }
        },
        "type": "cond-expr",
        "locations": [
          {
            "start": {
              "line": 139,
              "column": 148
            },
            "end": {
              "line": 139,
              "column": 161
            }
          },
          {
            "start": {
              "line": 139,
              "column": 164
            },
            "end": {
              "line": 139,
              "column": 166
            }
          }
        ],
        "line": 139
      },
      "17": {
        "loc": {
          "start": {
            "line": 139,
            "column": 122
          },
          "end": {
            "line": 139,
            "column": 145
          }
        },
        "type": "binary-expr",
        "locations": [
          {
            "start": {
              "line": 139,
              "column": 122
            },
            "end": {
              "line": 139,
              "column": 131
            }
          },
          {
            "start": {
              "line": 139,
              "column": 135
            },
            "end": {
              "line": 139,
              "column": 145
            }
          }
        ],
        "line": 139
      },
      "18": {
        "loc": {
          "start": {
            "line": 140,
            "column": 21
          },
          "end": {
            "line": 141,
            "column": 76
          }
        },
        "type": "binary-expr",
        "locations": [
          {
            "start": {
              "line": 140,
              "column": 21
            },
            "end": {
              "line": 140,
              "column": 30
            }
          },
          {
            "start": {
              "line": 140,
              "column": 34
            },
            "end": {
              "line": 140,
              "column": 44
            }
          },
          {
            "start": {
              "line": 141,
              "column": 20
            },
            "end": {
              "line": 141,
              "column": 76
            }
          }
        ],
        "line": 140
      },
      "19": {
        "loc": {
          "start": {
            "line": 147,
            "column": 122
          },
          "end": {
            "line": 147,
            "column": 167
          }
        },
        "type": "cond-expr",
        "locations": [
          {
            "start": {
              "line": 147,
              "column": 149
            },
            "end": {
              "line": 147,
              "column": 162
            }
          },
          {
            "start": {
              "line": 147,
              "column": 165
            },
            "end": {
              "line": 147,
              "column": 167
            }
          }
        ],
        "line": 147
      },
      "20": {
        "loc": {
          "start": {
            "line": 147,
            "column": 122
          },
          "end": {
            "line": 147,
            "column": 146
          }
        },
        "type": "binary-expr",
        "locations": [
          {
            "start": {
              "line": 147,
              "column": 122
            },
            "end": {
              "line": 147,
              "column": 131
            }
          },
          {
            "start": {
              "line": 147,
              "column": 135
            },
            "end": {
              "line": 147,
              "column": 146
            }
          }
        ],
        "line": 147
      },
      "21": {
        "loc": {
          "start": {
            "line": 148,
            "column": 21
          },
          "end": {
            "line": 149,
            "column": 91
          }
        },
        "type": "binary-expr",
        "locations": [
          {
            "start": {
              "line": 148,
              "column": 21
            },
            "end": {
              "line": 148,
              "column": 30
            }
          },
          {
            "start": {
              "line": 148,
              "column": 34
            },
            "end": {
              "line": 148,
              "column": 53
            }
          },
          {
            "start": {
              "line": 149,
              "column": 20
            },
            "end": {
              "line": 149,
              "column": 91
            }
          }
        ],
        "line": 148
      },
      "22": {
        "loc": {
          "start": {
            "line": 151,
            "column": 21
          },
          "end": {
            "line": 152,
            "column": 90
          }
        },
        "type": "binary-expr",
        "locations": [
          {
            "start": {
              "line": 151,
              "column": 21
            },
            "end": {
              "line": 151,
              "column": 30
            }
          },
          {
            "start": {
              "line": 151,
              "column": 34
            },
            "end": {
              "line": 151,
              "column": 46
            }
          },
          {
            "start": {
              "line": 152,
              "column": 20
            },
            "end": {
              "line": 152,
              "column": 90
            }
          }
        ],
        "line": 151
      },
      "23": {
        "loc": {
          "start": {
            "line": 154,
            "column": 21
          },
          "end": {
            "line": 155,
            "column": 77
          }
        },
        "type": "binary-expr",
        "locations": [
          {
            "start": {
              "line": 154,
              "column": 21
            },
            "end": {
              "line": 154,
              "column": 30
            }
          },
          {
            "start": {
              "line": 154,
              "column": 34
            },
            "end": {
              "line": 154,
              "column": 45
            }
          },
          {
            "start": {
              "line": 154,
              "column": 49
            },
            "end": {
              "line": 154,
              "column": 60
            }
          },
          {
            "start": {
              "line": 154,
              "column": 64
            },
            "end": {
              "line": 154,
              "column": 84
            }
          },
          {
            "start": {
              "line": 155,
              "column": 20
            },
            "end": {
              "line": 155,
              "column": 77
            }
          }
        ],
        "line": 154
      },
      "24": {
        "loc": {
          "start": {
            "line": 157,
            "column": 21
          },
          "end": {
            "line": 159,
            "column": 107
          }
        },
        "type": "binary-expr",
        "locations": [
          {
            "start": {
              "line": 157,
              "column": 21
            },
            "end": {
              "line": 157,
              "column": 31
            }
          },
          {
            "start": {
              "line": 159,
              "column": 20
            },
            "end": {
              "line": 159,
              "column": 107
            }
          }
        ],
        "line": 157
      },
      "25": {
        "loc": {
          "start": {
            "line": 166,
            "column": 25
          },
          "end": {
            "line": 166,
            "column": 98
          }
        },
        "type": "binary-expr",
        "locations": [
          {
            "start": {
              "line": 166,
              "column": 25
            },
            "end": {
              "line": 166,
              "column": 31
            }
          },
          {
            "start": {
              "line": 166,
              "column": 35
            },
            "end": {
              "line": 166,
              "column": 98
            }
          }
        ],
        "line": 166
      },
      "26": {
        "loc": {
          "start": {
            "line": 167,
            "column": 25
          },
          "end": {
            "line": 167,
            "column": 46
          }
        },
        "type": "cond-expr",
        "locations": [
          {
            "start": {
              "line": 167,
              "column": 32
            },
            "end": {
              "line": 167,
              "column": 40
            }
          },
          {
            "start": {
              "line": 167,
              "column": 41
            },
            "end": {
              "line": 167,
              "column": 46
            }
          }
        ],
        "line": 167
      }
    },
    "s": {
      "0": 0,
      "1": 0,
      "2": 0,
      "3": 0,
      "4": 0,
      "5": 0,
      "6": 0,
      "7": 0,
      "8": 0,
      "9": 0,
      "10": 0,
      "11": 0,
      "12": 0,
      "13": 0,
      "14": 0,
      "15": 0,
      "16": 0,
      "17": 0,
      "18": 0,
      "19": 0,
      "20": 0,
      "21": 0,
      "22": 0,
      "23": 0,
      "24": 0,
      "25": 0,
      "26": 0,
      "27": 0,
      "28": 0,
      "29": 0,
      "30": 0,
      "31": 0,
      "32": 0,
      "33": 0,
      "34": 0,
      "35": 0,
      "36": 0,
      "37": 0,
      "38": 0,
      "39": 0,
      "40": 0,
      "41": 0,
      "42": 0,
      "43": 0,
      "44": 0,
      "45": 0,
      "46": 0,
      "47": 0,
      "48": 0,
      "49": 0,
      "50": 0,
      "51": 0,
      "52": 0,
      "53": 0,
      "54": 0,
      "55": 0,
      "56": 0,
      "57": 0,
      "58": 0,
      "59": 0
    },
    "f": {
      "0": 0,
      "1": 0,
      "2": 0,
      "3": 0,
      "4": 0,
      "5": 0,
      "6": 0,
      "7": 0,
      "8": 0,
      "9": 0,
      "10": 0,
      "11": 0,
      "12": 0,
      "13": 0,
      "14": 0,
      "15": 0,
      "16": 0,
      "17": 0,
      "18": 0
    },
    "b": {
      "0": [
        0,
        0
      ],
      "1": [
        0,
        0
      ],
      "2": [
        0,
        0
      ],
      "3": [
        0,
        0
      ],
      "4": [
        0,
        0
      ],
      "5": [
        0,
        0
      ],
      "6": [
        0,
        0,
        0,
        0,
        0,
        0
      ],
      "7": [
        0,
        0
      ],
      "8": [
        0,
        0
      ],
      "9": [
        0,
        0
      ],
      "10": [
        0,
        0
      ],
      "11": [
        0,
        0
      ],
      "12": [
        0,
        0,
        0
      ],
      "13": [
        0,
        0
      ],
      "14": [
        0,
        0
      ],
      "15": [
        0,
        0,
        0
      ],
      "16": [
        0,
        0
      ],
      "17": [
        0,
        0
      ],
      "18": [
        0,
        0,
        0
      ],
      "19": [
        0,
        0
      ],
      "20": [
        0,
        0
      ],
      "21": [
        0,
        0,
        0
      ],
      "22": [
        0,
        0,
        0
      ],
      "23": [
        0,
        0,
        0,
        0,
        0
      ],
      "24": [
        0,
        0
      ],
      "25": [
        0,
        0
      ],
      "26": [
        0,
        0
      ]
    },
    "_coverageSchema": "1a1c01bbd47fc00a2c39e90264f33305004495a9",
    "hash": "3897b237562c08bef8bd5faefaebcf0c7d536d98"
  },
  "C:\\xampp\\htdocs\\html\\ligadata-test\\src\\App.js": {
    "path": "C:\\xampp\\htdocs\\html\\ligadata-test\\src\\App.js",
    "statementMap": {
      "0": {
        "start": {
          "line": 16,
          "column": 18
        },
        "end": {
          "line": 16,
          "column": 51
        }
      },
      "1": {
        "start": {
          "line": 16,
          "column": 39
        },
        "end": {
          "line": 16,
          "column": 50
        }
      },
      "2": {
        "start": {
          "line": 17,
          "column": 21
        },
        "end": {
          "line": 17,
          "column": 34
        }
      },
      "3": {
        "start": {
          "line": 18,
          "column": 17
        },
        "end": {
          "line": 18,
          "column": 64
        }
      },
      "4": {
        "start": {
          "line": 18,
          "column": 38
        },
        "end": {
          "line": 18,
          "column": 63
        }
      },
      "5": {
        "start": {
          "line": 20,
          "column": 4
        },
        "end": {
          "line": 25,
          "column": 11
        }
      },
      "6": {
        "start": {
          "line": 21,
          "column": 8
        },
        "end": {
          "line": 24,
          "column": 11
        }
      },
      "7": {
        "start": {
          "line": 23,
          "column": 12
        },
        "end": {
          "line": 23,
          "column": 43
        }
      },
      "8": {
        "start": {
          "line": 27,
          "column": 2
        },
        "end": {
          "line": 57,
          "column": 4
        }
      }
    },
    "fnMap": {
      "0": {
        "name": "App",
        "decl": {
          "start": {
            "line": 15,
            "column": 9
          },
          "end": {
            "line": 15,
            "column": 12
          }
        },
        "loc": {
          "start": {
            "line": 15,
            "column": 15
          },
          "end": {
            "line": 58,
            "column": 1
          }
        },
        "line": 15
      },
      "1": {
        "name": "(anonymous_1)",
        "decl": {
          "start": {
            "line": 16,
            "column": 30
          },
          "end": {
            "line": 16,
            "column": 31
          }
        },
        "loc": {
          "start": {
            "line": 16,
            "column": 39
          },
          "end": {
            "line": 16,
            "column": 50
          }
        },
        "line": 16
      },
      "2": {
        "name": "(anonymous_2)",
        "decl": {
          "start": {
            "line": 18,
            "column": 29
          },
          "end": {
            "line": 18,
            "column": 30
          }
        },
        "loc": {
          "start": {
            "line": 18,
            "column": 38
          },
          "end": {
            "line": 18,
            "column": 63
          }
        },
        "line": 18
      },
      "3": {
        "name": "(anonymous_3)",
        "decl": {
          "start": {
            "line": 20,
            "column": 14
          },
          "end": {
            "line": 20,
            "column": 15
          }
        },
        "loc": {
          "start": {
            "line": 20,
            "column": 20
          },
          "end": {
            "line": 25,
            "column": 5
          }
        },
        "line": 20
      },
      "4": {
        "name": "(anonymous_4)",
        "decl": {
          "start": {
            "line": 21,
            "column": 23
          },
          "end": {
            "line": 21,
            "column": 24
          }
        },
        "loc": {
          "start": {
            "line": 21,
            "column": 45
          },
          "end": {
            "line": 24,
            "column": 9
          }
        },
        "line": 21
      }
    },
    "branchMap": {
      "0": {
        "loc": {
          "start": {
            "line": 30,
            "column": 10
          },
          "end": {
            "line": 33,
            "column": 19
          }
        },
        "type": "cond-expr",
        "locations": [
          {
            "start": {
              "line": 32,
              "column": 17
            },
            "end": {
              "line": 32,
              "column": 26
            }
          },
          {
            "start": {
              "line": 33,
              "column": 16
            },
            "end": {
              "line": 33,
              "column": 18
            }
          }
        ],
        "line": 30
      },
      "1": {
        "loc": {
          "start": {
            "line": 38,
            "column": 21
          },
          "end": {
            "line": 39,
            "column": 80
          }
        },
        "type": "binary-expr",
        "locations": [
          {
            "start": {
              "line": 38,
              "column": 21
            },
            "end": {
              "line": 38,
              "column": 34
            }
          },
          {
            "start": {
              "line": 39,
              "column": 20
            },
            "end": {
              "line": 39,
              "column": 80
            }
          }
        ],
        "line": 38
      }
    },
    "s": {
      "0": 20,
      "1": 46,
      "2": 20,
      "3": 20,
      "4": 46,
      "5": 20,
      "6": 2,
      "7": 6,
      "8": 20
    },
    "f": {
      "0": 20,
      "1": 46,
      "2": 46,
      "3": 2,
      "4": 6
    },
    "b": {
      "0": [
        8,
        12
      ],
      "1": [
        20,
        10
      ]
    },
    "_coverageSchema": "1a1c01bbd47fc00a2c39e90264f33305004495a9",
    "hash": "06415b051feefef25fe46edf4a687e4331d4db93"
  }
}